<?xml version="1.0" encoding="UTF-8"?>
<testsuite name="accounts.web.AccountControllerTests" tests="2" skipped="0" failures="0" errors="0" timestamp="2024-08-19T11:22:47" hostname="MSI" time="0.136">
  <properties/>
  <testcase name="testHandleListRequest()" classname="accounts.web.AccountControllerTests" time="0.134"/>
  <testcase name="testHandleDetailsRequest()" classname="accounts.web.AccountControllerTests" time="0.001"/>
  <system-out><![CDATA[INFO : accounts.internal.StubAccountManager - Created STUB account-manager
INFO : accounts.internal.StubAccountManager - Created STUB account-manager
]]></system-out>
  <system-err><![CDATA[]]></system-err>
</testsuite>
